<?xml version="1.0" encoding="UTF-8"?>
<testng-results skipped="0" failed="0" total="1" passed="1">
  <reporter-output>
  </reporter-output>
  <suite name="Command line suite" duration-ms="17" started-at="2018-03-15T12:17:18Z" finished-at="2018-03-15T12:17:18Z">
    <groups>
    </groups>
    <test name="Command line test" duration-ms="17" started-at="2018-03-15T12:17:18Z" finished-at="2018-03-15T12:17:18Z">
      <class name="Assignment_2.onboardingAssignment_2.AppTest">
        <test-method status="PASS" signature="testApp()[pri:0, instance:testApp(Assignment_2.onboardingAssignment_2.AppTest)]" name="testApp" duration-ms="15" started-at="2018-03-15T17:47:18Z" finished-at="2018-03-15T17:47:18Z">
          <reporter-output>
          </reporter-output>
        </test-method> <!-- testApp -->
      </class> <!-- Assignment_2.onboardingAssignment_2.AppTest -->
    </test> <!-- Command line test -->
  </suite> <!-- Command line suite -->
</testng-results>
