<?xml version="1.0" encoding="UTF-8"?>
<!-- Generated by org.testng.reporters.JUnitXMLReporter -->
<testsuite hostname="ICPL11541" name="ChromeTest" tests="1" failures="0" timestamp="16 Mar 2018 07:16:21 GMT" time="0.037" errors="0">
  <testcase name="@BeforeClass BeforeClass" time="0.0" classname="onboardingAssignment2.test.TestCase">
    <failure type="java.lang.NullPointerException">
      <![CDATA[java.lang.NullPointerException
	at onboardingAssignment2.test.TestCase.BeforeClass(TestCase.java:40)
	at java.util.concurrent.FutureTask.run(FutureTask.java:266)
	at java.util.concurrent.ThreadPoolExecutor.runWorker(ThreadPoolExecutor.java:1149)
	at java.util.concurrent.ThreadPoolExecutor$Worker.run(ThreadPoolExecutor.java:624)
	at java.lang.Thread.run(Thread.java:748)
... Removed 16 stack frames]]>
    </failure>
  </testcase> <!-- @BeforeClass BeforeClass -->
  <testcase name="@AfterClass AfterClass" time="0.0" classname="onboardingAssignment2.test.TestCase">
    <skipped/>
  </testcase> <!-- @AfterClass AfterClass -->
  <testcase name="test" time="0.002" classname="onboardingAssignment2.test.TestCase">
    <skipped/>
  </testcase> <!-- test -->
</testsuite> <!-- ChromeTest -->
