<?xml version="1.0" encoding="UTF-8"?>
<testng-results skipped="2" failed="0" total="2" passed="0">
  <reporter-output>
  </reporter-output>
  <suite name="Suite" duration-ms="38" started-at="2018-03-16T07:16:21Z" finished-at="2018-03-16T07:16:21Z">
    <groups>
    </groups>
    <test name="ChromeTest" duration-ms="37" started-at="2018-03-16T07:16:21Z" finished-at="2018-03-16T07:16:21Z">
      <class name="onboardingAssignment2.test.TestCase">
        <test-method status="FAIL" signature="BeforeClass(java.lang.String)[pri:0, instance:onboardingAssignment2.test.TestCase@26653222]" name="BeforeClass" is-config="true" duration-ms="0" started-at="2018-03-16T12:46:21Z" finished-at="2018-03-16T12:46:21Z">
          <params>
            <param index="0">
              <value>
                <![CDATA[chrome]]>
              </value>
            </param>
          </params>
          <exception class="java.lang.NullPointerException">
            <full-stacktrace>
              <![CDATA[java.lang.NullPointerException
	at onboardingAssignment2.test.TestCase.BeforeClass(TestCase.java:40)
	at sun.reflect.NativeMethodAccessorImpl.invoke0(Native Method)
	at sun.reflect.NativeMethodAccessorImpl.invoke(NativeMethodAccessorImpl.java:62)
	at sun.reflect.DelegatingMethodAccessorImpl.invoke(DelegatingMethodAccessorImpl.java:43)
	at java.lang.reflect.Method.invoke(Method.java:498)
	at org.testng.internal.MethodInvocationHelper.invokeMethod(MethodInvocationHelper.java:80)
	at org.testng.internal.Invoker.invokeConfigurationMethod(Invoker.java:564)
	at org.testng.internal.Invoker.invokeConfigurations(Invoker.java:213)
	at org.testng.internal.Invoker.invokeConfigurations(Invoker.java:138)
	at org.testng.internal.TestMethodWorker.invokeBeforeClassMethods(TestMethodWorker.java:175)
	at org.testng.internal.TestMethodWorker.run(TestMethodWorker.java:107)
	at org.testng.TestRunner.privateRun(TestRunner.java:767)
	at org.testng.TestRunner.run(TestRunner.java:617)
	at org.testng.SuiteRunner.runTest(SuiteRunner.java:334)
	at org.testng.SuiteRunner.access$000(SuiteRunner.java:37)
	at org.testng.SuiteRunner$SuiteWorker.run(SuiteRunner.java:368)
	at org.testng.internal.thread.ThreadUtil$2.call(ThreadUtil.java:64)
	at java.util.concurrent.FutureTask.run(FutureTask.java:266)
	at java.util.concurrent.ThreadPoolExecutor.runWorker(ThreadPoolExecutor.java:1149)
	at java.util.concurrent.ThreadPoolExecutor$Worker.run(ThreadPoolExecutor.java:624)
	at java.lang.Thread.run(Thread.java:748)
]]>
            </full-stacktrace>
          </exception> <!-- java.lang.NullPointerException -->
          <reporter-output>
          </reporter-output>
        </test-method> <!-- BeforeClass -->
        <test-method status="SKIP" signature="test()[pri:0, instance:onboardingAssignment2.test.TestCase@26653222]" name="test" duration-ms="2" started-at="2018-03-16T12:46:21Z" finished-at="2018-03-16T12:46:21Z">
          <reporter-output>
          </reporter-output>
        </test-method> <!-- test -->
        <test-method status="SKIP" signature="AfterClass()[pri:0, instance:onboardingAssignment2.test.TestCase@26653222]" name="AfterClass" is-config="true" duration-ms="0" started-at="2018-03-16T12:46:21Z" description="close your firefox driver" finished-at="2018-03-16T12:46:21Z">
          <reporter-output>
          </reporter-output>
        </test-method> <!-- AfterClass -->
      </class> <!-- onboardingAssignment2.test.TestCase -->
    </test> <!-- ChromeTest -->
    <test name="FirefoxTest" duration-ms="38" started-at="2018-03-16T07:16:21Z" finished-at="2018-03-16T07:16:21Z">
      <class name="onboardingAssignment2.test.TestCase">
        <test-method status="FAIL" signature="BeforeClass(java.lang.String)[pri:0, instance:onboardingAssignment2.test.TestCase@7c16905e]" name="BeforeClass" is-config="true" duration-ms="0" started-at="2018-03-16T12:46:21Z" finished-at="2018-03-16T12:46:21Z">
          <params>
            <param index="0">
              <value>
                <![CDATA[firefox]]>
              </value>
            </param>
          </params>
          <exception class="java.lang.NullPointerException">
            <full-stacktrace>
              <![CDATA[java.lang.NullPointerException
	at onboardingAssignment2.test.TestCase.BeforeClass(TestCase.java:40)
	at sun.reflect.NativeMethodAccessorImpl.invoke0(Native Method)
	at sun.reflect.NativeMethodAccessorImpl.invoke(NativeMethodAccessorImpl.java:62)
	at sun.reflect.DelegatingMethodAccessorImpl.invoke(DelegatingMethodAccessorImpl.java:43)
	at java.lang.reflect.Method.invoke(Method.java:498)
	at org.testng.internal.MethodInvocationHelper.invokeMethod(MethodInvocationHelper.java:80)
	at org.testng.internal.Invoker.invokeConfigurationMethod(Invoker.java:564)
	at org.testng.internal.Invoker.invokeConfigurations(Invoker.java:213)
	at org.testng.internal.Invoker.invokeConfigurations(Invoker.java:138)
	at org.testng.internal.TestMethodWorker.invokeBeforeClassMethods(TestMethodWorker.java:175)
	at org.testng.internal.TestMethodWorker.run(TestMethodWorker.java:107)
	at org.testng.TestRunner.privateRun(TestRunner.java:767)
	at org.testng.TestRunner.run(TestRunner.java:617)
	at org.testng.SuiteRunner.runTest(SuiteRunner.java:334)
	at org.testng.SuiteRunner.access$000(SuiteRunner.java:37)
	at org.testng.SuiteRunner$SuiteWorker.run(SuiteRunner.java:368)
	at org.testng.internal.thread.ThreadUtil$2.call(ThreadUtil.java:64)
	at java.util.concurrent.FutureTask.run(FutureTask.java:266)
	at java.util.concurrent.ThreadPoolExecutor.runWorker(ThreadPoolExecutor.java:1149)
	at java.util.concurrent.ThreadPoolExecutor$Worker.run(ThreadPoolExecutor.java:624)
	at java.lang.Thread.run(Thread.java:748)
]]>
            </full-stacktrace>
          </exception> <!-- java.lang.NullPointerException -->
          <reporter-output>
          </reporter-output>
        </test-method> <!-- BeforeClass -->
        <test-method status="SKIP" signature="test()[pri:0, instance:onboardingAssignment2.test.TestCase@7c16905e]" name="test" duration-ms="1" started-at="2018-03-16T12:46:21Z" finished-at="2018-03-16T12:46:21Z">
          <reporter-output>
          </reporter-output>
        </test-method> <!-- test -->
        <test-method status="SKIP" signature="AfterClass()[pri:0, instance:onboardingAssignment2.test.TestCase@7c16905e]" name="AfterClass" is-config="true" duration-ms="0" started-at="2018-03-16T12:46:21Z" description="close your firefox driver" finished-at="2018-03-16T12:46:21Z">
          <reporter-output>
          </reporter-output>
        </test-method> <!-- AfterClass -->
      </class> <!-- onboardingAssignment2.test.TestCase -->
    </test> <!-- FirefoxTest -->
  </suite> <!-- Suite -->
</testng-results>
